<?xml version="1.0" encoding="UTF-8"?>
<!-- Generated by org.testng.reporters.JUnitReportReporter -->
<testsuite hostname="Albins-iMac" failures="0" tests="1" name="com.crm.qa.testcases.ArriveCAN_Test" time="9.099" errors="0" timestamp="25 Oct. 2021 03:35:36 GMT" skipped="0">
  <testcase classname="com.crm.qa.testcases.ArriveCAN_Test" name="verifywelcomePage" time="9.099"/>
</testsuite> <!-- com.crm.qa.testcases.ArriveCAN_Test -->
